[35m[1mScanning dependencies of target velocity_publisher2[0m
[35m[1mScanning dependencies of target std_msgs_generate_messages_cpp[0m
[35m[1mScanning dependencies of target _learning_topic_generate_messages_check_deps_Person[0m
[35m[1mScanning dependencies of target pose_subscriber[0m
[  0%] Built target std_msgs_generate_messages_cpp
[  5%] [32mBuilding CXX object CMakeFiles/velocity_publisher2.dir/src/velocity_publisher2.cpp.o[0m
[ 11%] [32mBuilding CXX object CMakeFiles/pose_subscriber.dir/src/pose_subscriber.cpp.o[0m
[35m[1mScanning dependencies of target velocity_publisher1[0m
[ 11%] Built target _learning_topic_generate_messages_check_deps_Person
[35m[1mScanning dependencies of target std_msgs_generate_messages_nodejs[0m
[ 17%] [32mBuilding CXX object CMakeFiles/velocity_publisher1.dir/src/velocity_publisher.cpp.o[0m
[ 17%] Built target std_msgs_generate_messages_nodejs
[35m[1mScanning dependencies of target std_msgs_generate_messages_py[0m
[ 17%] Built target std_msgs_generate_messages_py
[35m[1mScanning dependencies of target std_msgs_generate_messages_lisp[0m
[ 17%] Built target std_msgs_generate_messages_lisp
[35m[1mScanning dependencies of target std_msgs_generate_messages_eus[0m
[ 17%] Built target std_msgs_generate_messages_eus
[35m[1mScanning dependencies of target learning_topic_generate_messages_cpp[0m
[ 23%] [34m[1mGenerating C++ code from learning_topic/Person.msg[0m
[ 29%] [32m[1mLinking CXX executable /home/casicapollo/Documents/GitHub/Ros/catkin_ws/devel/lib/learning_topic/velocity_publisher2[0m
[35m[1mScanning dependencies of target learning_topic_generate_messages_nodejs[0m
[ 35%] [32m[1mLinking CXX executable /home/casicapollo/Documents/GitHub/Ros/catkin_ws/devel/lib/learning_topic/velocity_publisher1[0m
[ 41%] [34m[1mGenerating Javascript code from learning_topic/Person.msg[0m
[ 41%] Built target learning_topic_generate_messages_cpp
[ 41%] Built target velocity_publisher2
[ 41%] Built target learning_topic_generate_messages_nodejs
[ 47%] [32m[1mLinking CXX executable /home/casicapollo/Documents/GitHub/Ros/catkin_ws/devel/lib/learning_topic/pose_subscriber[0m
[35m[1mScanning dependencies of target learning_topic_generate_messages_lisp[0m
[35m[1mScanning dependencies of target learning_topic_generate_messages_py[0m
[ 52%] [34m[1mGenerating Lisp code from learning_topic/Person.msg[0m
[35m[1mScanning dependencies of target learning_topic_generate_messages_eus[0m
[ 58%] [34m[1mGenerating Python from MSG learning_topic/Person[0m
[ 64%] [34m[1mGenerating EusLisp code from learning_topic/Person.msg[0m
[ 70%] [34m[1mGenerating EusLisp manifest code for learning_topic[0m
[ 70%] Built target learning_topic_generate_messages_lisp
[35m[1mScanning dependencies of target person_publisher[0m
[ 70%] Built target velocity_publisher1
[ 76%] [32mBuilding CXX object CMakeFiles/person_publisher.dir/src/person_publisher.cpp.o[0m
[35m[1mScanning dependencies of target person_subscriber[0m
[ 82%] [32mBuilding CXX object CMakeFiles/person_subscriber.dir/src/person_subscriber.cpp.o[0m
[ 88%] [34m[1mGenerating Python msg __init__.py for learning_topic[0m
[ 88%] Built target pose_subscriber
[ 88%] Built target learning_topic_generate_messages_py
[ 88%] Built target learning_topic_generate_messages_eus
[35m[1mScanning dependencies of target learning_topic_generate_messages[0m
[ 88%] Built target learning_topic_generate_messages
[ 94%] [32m[1mLinking CXX executable /home/casicapollo/Documents/GitHub/Ros/catkin_ws/devel/lib/learning_topic/person_subscriber[0m
[ 94%] Built target person_subscriber
[100%] [32m[1mLinking CXX executable /home/casicapollo/Documents/GitHub/Ros/catkin_ws/devel/lib/learning_topic/person_publisher[0m
[100%] Built target person_publisher
