[35m[1mScanning dependencies of target turtle_spawn[0m
[  6%] [32mBuilding CXX object CMakeFiles/turtle_spawn.dir/src/turtle_spawn.cpp.o[0m
[35m[1mScanning dependencies of target turtle_command_server[0m
[ 13%] [32mBuilding CXX object CMakeFiles/turtle_command_server.dir/src/turtle_command_server.cpp.o[0m
[35m[1mScanning dependencies of target std_msgs_generate_messages_cpp[0m
[ 13%] Built target std_msgs_generate_messages_cpp
[35m[1mScanning dependencies of target _learning_service_generate_messages_check_deps_Person[0m
[35m[1mScanning dependencies of target std_msgs_generate_messages_nodejs[0m
[ 13%] Built target std_msgs_generate_messages_nodejs
[ 13%] Built target _learning_service_generate_messages_check_deps_Person
[35m[1mScanning dependencies of target std_msgs_generate_messages_py[0m
[ 13%] Built target std_msgs_generate_messages_py
[35m[1mScanning dependencies of target std_msgs_generate_messages_lisp[0m
[35m[1mScanning dependencies of target std_msgs_generate_messages_eus[0m
[ 13%] Built target std_msgs_generate_messages_lisp
[ 13%] Built target std_msgs_generate_messages_eus
[35m[1mScanning dependencies of target learning_service_generate_messages_cpp[0m
[35m[1mScanning dependencies of target learning_service_generate_messages_nodejs[0m
[ 20%] [34m[1mGenerating C++ code from learning_service/Person.srv[0m
[ 26%] [34m[1mGenerating Javascript code from learning_service/Person.srv[0m
[35m[1mScanning dependencies of target learning_service_generate_messages_py[0m
[ 33%] [34m[1mGenerating Python code from SRV learning_service/Person[0m
[ 33%] Built target learning_service_generate_messages_nodejs
[35m[1mScanning dependencies of target learning_service_generate_messages_lisp[0m
[ 40%] [34m[1mGenerating Lisp code from learning_service/Person.srv[0m
[ 40%] Built target learning_service_generate_messages_lisp
[35m[1mScanning dependencies of target learning_service_generate_messages_eus[0m
[ 46%] [34m[1mGenerating Python srv __init__.py for learning_service[0m
[ 53%] [32m[1mLinking CXX executable /home/casicapollo/Documents/GitHub/Ros/catkin_ws/devel/lib/learning_service/turtle_spawn[0m
[ 60%] [34m[1mGenerating EusLisp code from learning_service/Person.srv[0m
[ 66%] [34m[1mGenerating EusLisp manifest code for learning_service[0m
[ 66%] Built target learning_service_generate_messages_cpp
[35m[1mScanning dependencies of target learning_service_gencpp[0m
[ 66%] Built target learning_service_generate_messages_py
[ 66%] Built target learning_service_gencpp
[ 66%] Built target turtle_spawn
[35m[1mScanning dependencies of target person_client[0m
[35m[1mScanning dependencies of target person_server[0m
[ 73%] [32mBuilding CXX object CMakeFiles/person_client.dir/src/person_client.cpp.o[0m
[ 80%] [32mBuilding CXX object CMakeFiles/person_server.dir/src/person_server.cpp.o[0m
[ 86%] [32m[1mLinking CXX executable /home/casicapollo/Documents/GitHub/Ros/catkin_ws/devel/lib/learning_service/turtle_command_server[0m
[ 86%] Built target learning_service_generate_messages_eus
[35m[1mScanning dependencies of target learning_service_generate_messages[0m
[ 86%] Built target learning_service_generate_messages
[ 86%] Built target turtle_command_server
[ 93%] [32m[1mLinking CXX executable /home/casicapollo/Documents/GitHub/Ros/catkin_ws/devel/lib/learning_service/person_client[0m
[100%] [32m[1mLinking CXX executable /home/casicapollo/Documents/GitHub/Ros/catkin_ws/devel/lib/learning_service/person_server[0m
[100%] Built target person_client
[100%] Built target person_server
